<?xml version="1.0" encoding="UTF-8"?>
<testsuite xmlns:xsi="http://www.w3.org/2001/XMLSchema-instance" xsi:noNamespaceSchemaLocation="https://maven.apache.org/surefire/maven-surefire-plugin/xsd/surefire-test-report-3.0.xsd" version="3.0" name="com.iseries.otel.bridge.batch.GrokItemProcessorTest" time="0.004" tests="2" errors="0" skipped="0" failures="0">
  <properties>
[...]
</properties>
  <testcase name="testGrokParsingFailure" classname="com.iseries.otel.bridge.batch.GrokItemProcessorTest" time="0.002">
    <system-out><![CDATA[2026-02-15T01:37:49.905+08:00  WARN 62620 --- [           main] c.i.otel.bridge.batch.GrokItemProcessor  : Failed to parse log line with Grok pattern: This is not a log line
]]></system-out>
  </testcase>
  <testcase name="testGrokParsing" classname="com.iseries.otel.bridge.batch.GrokItemProcessorTest" time="0.002"/>
</testsuite>